[INFO] Scanning for projects...
[WARNING] 
[WARNING] Some problems were encountered while building the effective model for com.senthil.projects:dyn-pgm:jar:1.0-SNAPSHOT
[WARNING] 'build.plugins.plugin.version' for org.apache.maven.plugins:maven-compiler-plugin is missing. @ line 68, column 21
[WARNING] 
[WARNING] It is highly recommended to fix these problems because they threaten the stability of your build.
[WARNING] 
[WARNING] For this reason, future Maven versions might no longer support building such malformed projects.
[WARNING] 
[INFO] 
[INFO] --------------------< com.senthil.projects:dyn-pgm >--------------------
[INFO] Building dyn-pgm 1.0-SNAPSHOT
[INFO] --------------------------------[ jar ]---------------------------------
[INFO] 
[INFO] --- maven-resources-plugin:2.6:resources (default-resources) @ dyn-pgm ---
[WARNING] Using platform encoding (UTF-8 actually) to copy filtered resources, i.e. build is platform dependent!
[INFO] Copying 1 resource
[INFO] 
[INFO] --- maven-compiler-plugin:3.1:compile (default-compile) @ dyn-pgm ---
[INFO] Nothing to compile - all classes are up to date
[INFO] 
[INFO] --- maven-compiler-plugin:3.1:compile (default) @ dyn-pgm ---
[INFO] Nothing to compile - all classes are up to date
[INFO] 
[INFO] --- maven-resources-plugin:2.6:testResources (default-testResources) @ dyn-pgm ---
[WARNING] Using platform encoding (UTF-8 actually) to copy filtered resources, i.e. build is platform dependent!
[INFO] Copying 1 resource
[INFO] 
[INFO] --- maven-compiler-plugin:3.1:testCompile (default-testCompile) @ dyn-pgm ---
[INFO] Nothing to compile - all classes are up to date
[INFO] 
[INFO] --- maven-surefire-plugin:2.12.4:test (default-test) @ dyn-pgm ---
[INFO] Surefire report directory: /home/senthil/git2/coding/dyn-pgm/target/surefire-reports

-------------------------------------------------------
 T E S T S
-------------------------------------------------------
Running com.senthil.projects.dyn_pgm.TestMedianOfTwoSortedArrays
len1: 1, len2: 4, total: 5, ieEven: false, hi: 1, lo: 0
part1: 0, part2: 2
left1: -2147483648, right1: 4, left2: 2, right2: 3
Median found
len1: 4, len2: 1, total: 5, ieEven: false, hi: 4, lo: 0
part1: 2, part2: 0
left1: 2, right1: 3, left2: -2147483648, right2: 4
Median found
Result2: 3.0
Tests run: 1, Failures: 0, Errors: 0, Skipped: 0, Time elapsed: 0.065 sec

Results :

Tests run: 1, Failures: 0, Errors: 0, Skipped: 0

[INFO] ------------------------------------------------------------------------
[INFO] BUILD SUCCESS
[INFO] ------------------------------------------------------------------------
[INFO] Total time:  0.580 s
[INFO] Finished at: 2022-08-18T14:11:26-07:00
[INFO] ------------------------------------------------------------------------
