[INFO] Scanning for projects...
[WARNING] 
[WARNING] Some problems were encountered while building the effective model for com.senthil.projects:dyn-pgm:jar:1.0-SNAPSHOT
[WARNING] 'build.plugins.plugin.version' for org.apache.maven.plugins:maven-compiler-plugin is missing. @ line 68, column 21
[WARNING] 
[WARNING] It is highly recommended to fix these problems because they threaten the stability of your build.
[WARNING] 
[WARNING] For this reason, future Maven versions might no longer support building such malformed projects.
[WARNING] 
[INFO] 
[INFO] --------------------< com.senthil.projects:dyn-pgm >--------------------
[INFO] Building dyn-pgm 1.0-SNAPSHOT
[INFO] --------------------------------[ jar ]---------------------------------
[INFO] 
[INFO] --- maven-resources-plugin:2.6:resources (default-resources) @ dyn-pgm ---
[WARNING] Using platform encoding (UTF-8 actually) to copy filtered resources, i.e. build is platform dependent!
[INFO] Copying 1 resource
[INFO] 
[INFO] --- maven-compiler-plugin:3.1:compile (default-compile) @ dyn-pgm ---
[INFO] Nothing to compile - all classes are up to date
[INFO] 
[INFO] --- maven-compiler-plugin:3.1:compile (default) @ dyn-pgm ---
[INFO] Nothing to compile - all classes are up to date
[INFO] 
[INFO] --- maven-resources-plugin:2.6:testResources (default-testResources) @ dyn-pgm ---
[WARNING] Using platform encoding (UTF-8 actually) to copy filtered resources, i.e. build is platform dependent!
[INFO] Copying 1 resource
[INFO] 
[INFO] --- maven-compiler-plugin:3.1:testCompile (default-testCompile) @ dyn-pgm ---
[INFO] Nothing to compile - all classes are up to date
[INFO] 
[INFO] --- maven-surefire-plugin:2.12.4:test (default-test) @ dyn-pgm ---
[INFO] Surefire report directory: /home/senthil/git2/coding/dyn-pgm/target/surefire-reports

-------------------------------------------------------
 T E S T S
-------------------------------------------------------
Running com.senthil.projects.dyn_pgm.TestMergeKSortedLilsts
Lists length: 3
Printing the left lists array
val: 1 ==>  val: 4 ==>  val: 5 ==> null
Printing the right lists array
val: 1 ==>  val: 3 ==>  val: 4 ==> null
val: 2 ==>  val: 6 ==> null
Lists length: 1
len = 1 and returning that item
val: 1 ==>  val: 4 ==>  val: 5 ==> null
Left List: 
val: 1 ==>  val: 4 ==>  val: 5 ==> null
Right List: 
Lists length: 2
Merge results:::
Printing merge list:val: 1 ==>  val: 2 ==>  val: 3 ==>  val: 4 ==>  val: 6 ==> null
val: 1 ==>  val: 2 ==>  val: 3 ==>  val: 4 ==>  val: 6 ==> null
Merge results:::
val: 1 ==>  val: 4 ==>  val: 5 ==> null
val: 1 ==>  val: 2 ==>  val: 3 ==>  val: 4 ==>  val: 6 ==> null
Printing merge list:val: 1 ==>  val: 1 ==>  val: 3 ==>  val: 4 ==>  val: 4 ==>  val: 5 ==> null
Result of meregdlists: com.senthil.projects.dyn_pgm.ListNode@6d21714c
result2 val: 1
result2 val: 1
result2 val: 3
result2 val: 4
result2 val: 4
result2 val: 5
Result of meregdlists: com.senthil.projects.dyn_pgm.ListNode@108c4c35
result val: 1
result val: 1
result val: 2
result val: 3
result val: 4
result val: 4
result val: 5
result val: 6
Tests run: 2, Failures: 0, Errors: 0, Skipped: 0, Time elapsed: 0.002 sec

Results :

Tests run: 2, Failures: 0, Errors: 0, Skipped: 0

[INFO] ------------------------------------------------------------------------
[INFO] BUILD SUCCESS
[INFO] ------------------------------------------------------------------------
[INFO] Total time:  0.522 s
[INFO] Finished at: 2022-08-24T18:41:05-07:00
[INFO] ------------------------------------------------------------------------
