[INFO] Scanning for projects...
[WARNING] 
[WARNING] Some problems were encountered while building the effective model for com.senthil.projects:dyn-pgm:jar:1.0-SNAPSHOT
[WARNING] 'build.plugins.plugin.version' for org.apache.maven.plugins:maven-compiler-plugin is missing. @ line 68, column 21
[WARNING] 
[WARNING] It is highly recommended to fix these problems because they threaten the stability of your build.
[WARNING] 
[WARNING] For this reason, future Maven versions might no longer support building such malformed projects.
[WARNING] 
[INFO] 
[INFO] --------------------< com.senthil.projects:dyn-pgm >--------------------
[INFO] Building dyn-pgm 1.0-SNAPSHOT
[INFO] --------------------------------[ jar ]---------------------------------
[INFO] 
[INFO] --- maven-resources-plugin:2.6:resources (default-resources) @ dyn-pgm ---
[WARNING] Using platform encoding (UTF-8 actually) to copy filtered resources, i.e. build is platform dependent!
[INFO] Copying 1 resource
[INFO] 
[INFO] --- maven-compiler-plugin:3.1:compile (default-compile) @ dyn-pgm ---
[INFO] Nothing to compile - all classes are up to date
[INFO] 
[INFO] --- maven-compiler-plugin:3.1:compile (default) @ dyn-pgm ---
[INFO] Nothing to compile - all classes are up to date
[INFO] 
[INFO] --- maven-resources-plugin:2.6:testResources (default-testResources) @ dyn-pgm ---
[WARNING] Using platform encoding (UTF-8 actually) to copy filtered resources, i.e. build is platform dependent!
[INFO] Copying 1 resource
[INFO] 
[INFO] --- maven-compiler-plugin:3.1:testCompile (default-testCompile) @ dyn-pgm ---
[INFO] Nothing to compile - all classes are up to date
[INFO] 
[INFO] --- maven-surefire-plugin:2.12.4:test (default-test) @ dyn-pgm ---
[INFO] Surefire report directory: /home/senthil/git2/coding/dyn-pgm/target/surefire-reports

-------------------------------------------------------
 T E S T S
-------------------------------------------------------
Running com.senthil.projects.dyn_pgm.TestQuickSort
2022-08-29 20:15:59 INFO  TestQuickSort:15 - Input: [10, 30]
2022-08-29 20:15:59 INFO  QuickSort:38 - initialized i: 0, j: 0 and pivot: 30
2022-08-29 20:15:59 INFO  QuickSort:54 - input: [30, 10] sorted at pivot: 30
2022-08-29 20:15:59 INFO  TestQuickSort:18 - result: 0
Tests run: 1, Failures: 0, Errors: 0, Skipped: 0, Time elapsed: 0.004 sec

Results :

Tests run: 1, Failures: 0, Errors: 0, Skipped: 0

[INFO] ------------------------------------------------------------------------
[INFO] BUILD SUCCESS
[INFO] ------------------------------------------------------------------------
[INFO] Total time:  0.576 s
[INFO] Finished at: 2022-08-29T20:15:59-07:00
[INFO] ------------------------------------------------------------------------
